<?xml version="1.0" encoding="UTF-8"?>
<!-- Generated by org.testng.reporters.JUnitReportReporter -->
<testsuite hostname="irina-VAIO" name="com.example.tests.GroupModificationTests" tests="1" failures="0" timestamp="4 Jan 2015 16:53:55 GMT" time="4.279" errors="0">
  <testcase name="modifySomeGroup" time="4.279" classname="com.example.tests.GroupModificationTests"/>
</testsuite> <!-- com.example.tests.GroupModificationTests -->
