<?xml version="1.0" encoding="UTF-8"?>
<!-- Generated by org.testng.reporters.JUnitReportReporter -->
<testsuite hostname="pc9-PC" name="com.example.tests.ContactRemovalTests" tests="1" failures="0" timestamp="23 Feb 2015 22:15:48 GMT" time="0.814" errors="0">
  <testcase name="deleteSomeContact" time="0.814" classname="com.example.tests.ContactRemovalTests"/>
</testsuite> <!-- com.example.tests.ContactRemovalTests -->
