<?xml version="1.0" encoding="UTF-8"?>
<!-- Generated by org.testng.reporters.JUnitReportReporter -->
<testsuite hostname="pc9-PC" name="com.example.tests.GroupRemovalTests" tests="1" failures="0" timestamp="25 Feb 2015 16:05:23 GMT" time="2.238" errors="0">
  <testcase name="deleteSomeGroup" time="2.238" classname="com.example.tests.GroupRemovalTests"/>
</testsuite> <!-- com.example.tests.GroupRemovalTests -->
