<?xml version="1.0" encoding="UTF-8"?>
<!-- Generated by org.testng.reporters.JUnitReportReporter -->
<testsuite hostname="irina-VAIO" name="com.example.tests.ContactCreationTests" tests="1" failures="0" timestamp="7 Dec 2014 19:34:59 GMT" time="5.510" errors="0">
  <testcase name="testCreationNewContact" time="5.510" classname="com.example.tests.ContactCreationTests"/>
</testsuite> <!-- com.example.tests.ContactCreationTests -->
