<?xml version="1.0" encoding="UTF-8"?>
<!-- Generated by org.testng.reporters.JUnitReportReporter -->
<testsuite hostname="irina-VAIO" name="com.example.tests.GroupRemovalTests" tests="1" failures="0" timestamp="4 Jan 2015 16:06:23 GMT" time="3.565" errors="0">
  <testcase name="deleteSomeGroup" time="3.565" classname="com.example.tests.GroupRemovalTests"/>
</testsuite> <!-- com.example.tests.GroupRemovalTests -->
