<?xml version="1.0" encoding="UTF-8"?>
<!-- Generated by org.testng.reporters.JUnitReportReporter -->
<testsuite hostname="pc9-PC" name="com.example.tests.ContactCreationTests" tests="2" failures="0" timestamp="23 Feb 2015 22:15:48 GMT" time="3.260" errors="0">
  <testcase name="testEmptyCreationNewContact" time="0.904" classname="com.example.tests.ContactCreationTests"/>
  <testcase name="testNonEmptyCreationNewContact" time="2.356" classname="com.example.tests.ContactCreationTests"/>
</testsuite> <!-- com.example.tests.ContactCreationTests -->
