<?xml version="1.0" encoding="UTF-8"?>
<!-- Generated by org.testng.reporters.JUnitReportReporter -->
<testsuite hostname="pc9-PC" name="com.example.tests.GroupModificationTests" tests="5" failures="0" timestamp="24 Feb 2015 08:36:53 GMT" time="9.549" errors="0">
  <testcase name="modifySomeGroup" time="1.540" classname="com.example.tests.GroupModificationTests"/>
  <testcase name="modifySomeGroup" time="3.361" classname="com.example.tests.GroupModificationTests"/>
  <testcase name="modifySomeGroup" time="1.730" classname="com.example.tests.GroupModificationTests"/>
  <testcase name="modifySomeGroup" time="1.419" classname="com.example.tests.GroupModificationTests"/>
  <testcase name="modifySomeGroup" time="1.499" classname="com.example.tests.GroupModificationTests"/>
</testsuite> <!-- com.example.tests.GroupModificationTests -->
