<?xml version="1.0" encoding="UTF-8"?>
<!-- Generated by org.testng.reporters.JUnitReportReporter -->
<testsuite hostname="pc9-PC" name="com.example.tests.GroupModificationTests" tests="5" failures="0" timestamp="23 Feb 2015 22:15:48 GMT" time="7.360" errors="0">
  <testcase name="modifySomeGroup" time="1.409" classname="com.example.tests.GroupModificationTests"/>
  <testcase name="modifySomeGroup" time="1.351" classname="com.example.tests.GroupModificationTests"/>
  <testcase name="modifySomeGroup" time="1.458" classname="com.example.tests.GroupModificationTests"/>
  <testcase name="modifySomeGroup" time="1.662" classname="com.example.tests.GroupModificationTests"/>
  <testcase name="modifySomeGroup" time="1.480" classname="com.example.tests.GroupModificationTests"/>
</testsuite> <!-- com.example.tests.GroupModificationTests -->
