<?xml version="1.0" encoding="UTF-8"?>
<!-- Generated by org.testng.reporters.JUnitReportReporter -->
<testsuite hostname="pc9-PC" name="com.example.tests.ContactRemovalTests" tests="1" failures="0" timestamp="26 Feb 2015 16:32:37 GMT" time="2.795" errors="0">
  <testcase name="deleteSomeContact" time="2.795" classname="com.example.tests.ContactRemovalTests"/>
</testsuite> <!-- com.example.tests.ContactRemovalTests -->
