<?xml version="1.0" encoding="UTF-8"?>
<!-- Generated by org.testng.reporters.JUnitReportReporter -->
<testsuite hostname="pc9-PC" name="com.example.tests.ContactRemovalTests" tests="1" failures="0" timestamp="25 Feb 2015 16:05:23 GMT" time="0.900" errors="0">
  <testcase name="deleteSomeContact" time="0.900" classname="com.example.tests.ContactRemovalTests"/>
</testsuite> <!-- com.example.tests.ContactRemovalTests -->
