<?xml version="1.0" encoding="UTF-8"?>
<!-- Generated by org.testng.reporters.JUnitReportReporter -->
<testsuite hostname="pc9-PC" name="com.example.tests.GroupModificationTests" tests="5" failures="0" timestamp="25 Feb 2015 16:05:23 GMT" time="8.916" errors="0">
  <testcase name="modifySomeGroup" time="1.483" classname="com.example.tests.GroupModificationTests"/>
  <testcase name="modifySomeGroup" time="2.484" classname="com.example.tests.GroupModificationTests"/>
  <testcase name="modifySomeGroup" time="1.357" classname="com.example.tests.GroupModificationTests"/>
  <testcase name="modifySomeGroup" time="1.862" classname="com.example.tests.GroupModificationTests"/>
  <testcase name="modifySomeGroup" time="1.730" classname="com.example.tests.GroupModificationTests"/>
</testsuite> <!-- com.example.tests.GroupModificationTests -->
