<?xml version="1.0" encoding="UTF-8"?>
<!-- Generated by org.testng.reporters.JUnitReportReporter -->
<testsuite hostname="irina-VAIO" name="com.example.tests.ContactCreationTests" tests="1" failures="0" timestamp="7 Dec 2014 19:58:13 GMT" time="3.972" errors="0">
  <testcase name="testEmptyCreationNewContact" time="3.972" classname="com.example.tests.ContactCreationTests"/>
</testsuite> <!-- com.example.tests.ContactCreationTests -->
