<?xml version="1.0" encoding="UTF-8"?>
<!-- Generated by org.testng.reporters.JUnitReportReporter -->
<testsuite hostname="pc9-PC" name="com.example.tests.ContactModificationTests" tests="1" failures="0" timestamp="23 Feb 2015 22:15:48 GMT" time="1.557" errors="0">
  <testcase name="modifySomeContact" time="1.557" classname="com.example.tests.ContactModificationTests"/>
</testsuite> <!-- com.example.tests.ContactModificationTests -->
