<?xml version="1.0" encoding="UTF-8"?>
<!-- Generated by org.testng.reporters.JUnitReportReporter -->
<testsuite hostname="irina-VAIO" name="com.example.tests.GroupRemovalTests" tests="1" failures="0" timestamp="3 Jan 2015 20:38:13 GMT" time="6.804" errors="0">
  <testcase name="deleteSomeGroup" time="6.804" classname="com.example.tests.GroupRemovalTests"/>
</testsuite> <!-- com.example.tests.GroupRemovalTests -->
