<?xml version="1.0" encoding="UTF-8"?>
<!-- Generated by org.testng.reporters.JUnitReportReporter -->
<testsuite hostname="pc9-PC" name="com.example.tests.test" tests="2" failures="0" timestamp="22 Feb 2015 20:04:27 GMT" time="0.106" errors="0">
  <testcase name="main1" time="0.091" classname="com.example.tests.test"/>
  <testcase name="main" time="0.015" classname="com.example.tests.test"/>
</testsuite> <!-- com.example.tests.test -->
