<?xml version="1.0" encoding="UTF-8"?>
<!-- Generated by org.testng.reporters.JUnitReportReporter -->
<testsuite hostname="irina-VAIO" name="com.example.tests.ContactCreationTests" tests="2" failures="0" timestamp="7 Dec 2014 18:46:05 GMT" time="5.364" errors="0">
  <testcase name="testNonEmptyGroupCreation" time="2.378" classname="com.example.tests.ContactCreationTests"/>
  <testcase name="testEmptyGroupCreation" time="2.986" classname="com.example.tests.ContactCreationTests"/>
</testsuite> <!-- com.example.tests.ContactCreationTests -->
