<?xml version="1.0" encoding="UTF-8"?>
<!-- Generated by org.testng.reporters.JUnitReportReporter -->
<testsuite hostname="pc9-PC" name="com.example.tests.ContactRemovalTests" tests="1" failures="0" timestamp="24 Feb 2015 04:23:48 GMT" time="63.206" errors="0">
  <testcase name="deleteSomeContact" time="63.206" classname="com.example.tests.ContactRemovalTests"/>
</testsuite> <!-- com.example.tests.ContactRemovalTests -->
