<?xml version="1.0" encoding="UTF-8"?>
<!-- Generated by org.testng.reporters.JUnitReportReporter -->
<testsuite hostname="irina-VAIO" name="com.example.tests.ContactCreationTests" tests="2" failures="0" timestamp="25 Jan 2015 20:56:02 GMT" time="6.728" errors="0">
  <testcase name="testNonEmptyCreationNewContact" time="4.867" classname="com.example.tests.ContactCreationTests"/>
  <testcase name="testEmptyCreationNewContact" time="1.861" classname="com.example.tests.ContactCreationTests"/>
</testsuite> <!-- com.example.tests.ContactCreationTests -->
