<?xml version="1.0" encoding="UTF-8"?>
<!-- Generated by org.testng.reporters.JUnitReportReporter -->
<testsuite hostname="irina-VAIO" name="com.example.tests.GroupRemovalTests" tests="1" failures="0" timestamp="25 Jan 2015 20:56:01 GMT" time="2.538" errors="0">
  <testcase name="deleteSomeGroup" time="2.538" classname="com.example.tests.GroupRemovalTests"/>
</testsuite> <!-- com.example.tests.GroupRemovalTests -->
