<?xml version="1.0" encoding="UTF-8"?>
<!-- Generated by org.testng.reporters.JUnitReportReporter -->
<testsuite hostname="irina-VAIO" name="com.example.tests.GroupModificationTests" tests="1" failures="0" timestamp="25 Jan 2015 20:56:02 GMT" time="2.526" errors="0">
  <testcase name="modifySomeGroup" time="2.526" classname="com.example.tests.GroupModificationTests"/>
</testsuite> <!-- com.example.tests.GroupModificationTests -->
