<?xml version="1.0" encoding="UTF-8"?>
<!-- Generated by org.testng.reporters.JUnitReportReporter -->
<testsuite hostname="irina-VAIO" name="com.example.tests.ContactModificationTests" tests="1" failures="0" timestamp="25 Jan 2015 20:56:02 GMT" time="2.149" errors="0">
  <testcase name="modifySomeContact" time="2.149" classname="com.example.tests.ContactModificationTests"/>
</testsuite> <!-- com.example.tests.ContactModificationTests -->
