<?xml version="1.0" encoding="UTF-8"?>
<!-- Generated by org.testng.reporters.JUnitReportReporter -->
<testsuite hostname="pc9-PC" name="com.example.tests.GroupRemovalTests" tests="1" failures="0" timestamp="23 Feb 2015 22:15:48 GMT" time="1.625" errors="0">
  <testcase name="deleteSomeGroup" time="1.625" classname="com.example.tests.GroupRemovalTests"/>
</testsuite> <!-- com.example.tests.GroupRemovalTests -->
